<?xml version="1.0" encoding="UTF-8"?>
<!-- Generated by org.testng.reporters.JUnitReportReporter -->
<testsuite hostname="Chukki_Laptop" failures="0" tests="5" name="AmazonTestCase.TestCases" time="6.754" errors="0" timestamp="2024-06-06T11:06:20 IST" skipped="3">
  <testcase classname="AmazonTestCase.TestCases" name="GetPerticularInfo" time="3.049"/>
  <testcase classname="AmazonTestCase.TestCases" name="DelInfo" time="3.705"/>
  <testcase classname="AmazonTestCase.TestCases" name="postTestCase">
    <skipped/>
  </testcase> <!-- postTestCase -->
  <testcase classname="AmazonTestCase.TestCases" name="putMethod">
    <skipped/>
  </testcase> <!-- putMethod -->
  <testcase classname="AmazonTestCase.TestCases" name="GetAllDetails">
    <skipped/>
  </testcase> <!-- GetAllDetails -->
</testsuite> <!-- AmazonTestCase.TestCases -->
