<?xml version="1.0" encoding="UTF-8"?>
<!-- Generated by org.testng.reporters.JUnitReportReporter -->
<testsuite hostname="Chukki_Laptop" failures="0" tests="5" name="AmazonTestCase.TestCases" time="22.108" errors="0" timestamp="2024-06-05T17:47:15 IST" skipped="4">
  <testcase classname="AmazonTestCase.TestCases" name="putMethod" time="22.108"/>
  <testcase classname="AmazonTestCase.TestCases" name="GetPerticularInfo">
    <skipped/>
  </testcase> <!-- GetPerticularInfo -->
  <testcase classname="AmazonTestCase.TestCases" name="DelInfo">
    <skipped/>
  </testcase> <!-- DelInfo -->
  <testcase classname="AmazonTestCase.TestCases" name="GetAllDetails">
    <skipped/>
  </testcase> <!-- GetAllDetails -->
  <testcase classname="AmazonTestCase.TestCases" name="postTestCase">
    <skipped/>
  </testcase> <!-- postTestCase -->
</testsuite> <!-- AmazonTestCase.TestCases -->
