<?xml version="1.0" encoding="UTF-8"?>
<!-- Generated by org.testng.reporters.JUnitReportReporter -->
<testsuite hostname="Chukki_Laptop" failures="0" tests="1" name="com.bcd.cookie.Cookies" time="1.995" errors="0" timestamp="2024-06-06T15:45:47 IST" skipped="0">
  <testcase classname="com.bcd.cookie.Cookies" name="Google" time="1.995"/>
</testsuite> <!-- com.bcd.cookie.Cookies -->
