<?xml version="1.0" encoding="UTF-8"?>
<!-- Generated by org.testng.reporters.JUnitReportReporter -->
<testsuite hostname="Chukki_Laptop" failures="0" tests="1" name="com.bcd.validations.ResponseValidations" time="2.433" errors="0" timestamp="2024-06-10T10:11:27 IST" skipped="0">
  <testcase classname="com.bcd.validations.ResponseValidations" name="HeaderValidation" time="2.433"/>
</testsuite> <!-- com.bcd.validations.ResponseValidations -->
