<?xml version="1.0" encoding="UTF-8"?>
<!-- Generated by org.testng.reporters.JUnitReportReporter -->
<testsuite hostname="Chukki_Laptop" failures="0" tests="1" name="AmazonTestCase.hi" time="0.012" errors="0" timestamp="2024-06-01T21:53:52 IST" skipped="0">
  <testcase classname="AmazonTestCase.hi" name="maikn" time="0.012"/>
</testsuite> <!-- AmazonTestCase.hi -->
